    Finished bench [optimized + debuginfo] target(s) in 0.46s
warning: the following packages contain code that will be rejected by a future version of Rust: nom v5.1.2
note: to see what the problems were, use the option `--future-incompat-report`, or run `cargo report future-incompatibilities --id 1`
     Running unittests src/lib.rs (/home/sslab/optme/target/release/deps/sslab_execution_blockstm-f223ecad6a33e9d4)

running 0 tests

test result: ok. 0 passed; 0 failed; 0 ignored; 0 measured; 18 filtered out; finished in 0.00s

     Running benches/performance_benches.rs (/home/sslab/optme/target/release/deps/performance_benches-140772f54defd77b)
Gnuplot not found, using plotters backend
Benchmarking BlockSTM/blocksize/zipfian: 0, #batch: 16
Benchmarking BlockSTM/blocksize/zipfian: 0, #batch: 16: Warming up for 3.0000 s

Warning: Unable to complete 100 samples in 5.0s. You may wish to increase target time to 7.3s, or reduce sample count to 60.
Benchmarking BlockSTM/blocksize/zipfian: 0, #batch: 16: Collecting 100 samples in estimated 7.3128 s (100 iterations)
Benchmarking BlockSTM/blocksize/zipfian: 0, #batch: 16: Analyzing
BlockSTM/blocksize/zipfian: 0, #batch: 16
                        time:   [32.422 ms 33.131 ms 33.897 ms]
                        thrpt:  [94.404 Kelem/s 96.587 Kelem/s 98.698 Kelem/s]
                 change:
                        time:   [+5.2608% +8.0280% +10.971%] (p = 0.00 < 0.05)
                        thrpt:  [-9.8863% -7.4314% -4.9978%]
                        Performance has regressed.
Found 6 outliers among 100 measurements (6.00%)
  6 (6.00%) high mild

