   Compiling crossbeam-queue v0.3.8
   Compiling proptest-derive v0.4.0
   Compiling evm-runtime v0.39.0 (https://github.com/Dong-Hyeon-Yu/optme-evm.git?rev=d81889d9303491a61f91560399ed292e09b91739#d81889d9)
   Compiling evm-gasometer v0.39.0 (https://github.com/Dong-Hyeon-Yu/optme-evm.git?rev=d81889d9303491a61f91560399ed292e09b91739#d81889d9)
   Compiling crossbeam v0.8.2
   Compiling evm v0.39.1 (https://github.com/Dong-Hyeon-Yu/optme-evm.git?rev=d81889d9303491a61f91560399ed292e09b91739#d81889d9)
   Compiling sslab-execution v0.1.0 (/home/sslab/optme/crates/sslab-execution/evm)
   Compiling sslab-execution-blockstm v0.1.0 (/home/sslab/optme/crates/sslab-execution/blockstm)
    Finished bench [optimized + debuginfo] target(s) in 9.60s
warning: the following packages contain code that will be rejected by a future version of Rust: nom v5.1.2
note: to see what the problems were, use the option `--future-incompat-report`, or run `cargo report future-incompatibilities --id 1`
     Running unittests src/lib.rs (/home/sslab/optme/target/release/deps/sslab_execution_blockstm-f223ecad6a33e9d4)

running 0 tests

test result: ok. 0 passed; 0 failed; 0 ignored; 0 measured; 18 filtered out; finished in 0.00s

     Running benches/performance_benches.rs (/home/sslab/optme/target/release/deps/performance_benches-140772f54defd77b)
Gnuplot not found, using plotters backend
Benchmarking BlockSTM/blocksize/zipfian: 0, #batch: 16
Benchmarking BlockSTM/blocksize/zipfian: 0, #batch: 16: Warming up for 3.0000 s

Warning: Unable to complete 100 samples in 5.0s. You may wish to increase target time to 15.1s, or reduce sample count to 30.
Benchmarking BlockSTM/blocksize/zipfian: 0, #batch: 16: Collecting 100 samples in estimated 15.079 s (100 iterations)
Benchmarking BlockSTM/blocksize/zipfian: 0, #batch: 16: Analyzing
BlockSTM/blocksize/zipfian: 0, #batch: 16
                        time:   [38.302 ms 38.915 ms 39.639 ms]
                        thrpt:  [80.729 Kelem/s 82.231 Kelem/s 83.547 Kelem/s]
Found 9 outliers among 100 measurements (9.00%)
  4 (4.00%) high mild
  5 (5.00%) high severe

