   Compiling sslab-execution-blockstm v0.1.0 (/home/sslab/optme/crates/sslab-execution/blockstm)
    Finished bench [optimized + debuginfo] target(s) in 6.81s
warning: the following packages contain code that will be rejected by a future version of Rust: nom v5.1.2
note: to see what the problems were, use the option `--future-incompat-report`, or run `cargo report future-incompatibilities --id 1`
     Running unittests src/lib.rs (/home/sslab/optme/target/release/deps/sslab_execution_blockstm-f223ecad6a33e9d4)

running 0 tests

test result: ok. 0 passed; 0 failed; 0 ignored; 0 measured; 18 filtered out; finished in 0.00s

     Running benches/performance_benches.rs (/home/sslab/optme/target/release/deps/performance_benches-140772f54defd77b)
Gnuplot not found, using plotters backend
Benchmarking BlockSTM/blocksize/zipfian: 0.7, #batch: 16
Benchmarking BlockSTM/blocksize/zipfian: 0.7, #batch: 16: Warming up for 3.0000 s

Warning: Unable to complete 100 samples in 5.0s. You may wish to increase target time to 15.2s, or reduce sample count to 30.
Benchmarking BlockSTM/blocksize/zipfian: 0.7, #batch: 16: Collecting 100 samples in estimated 15.164 s (100 iterations)
Benchmarking BlockSTM/blocksize/zipfian: 0.7, #batch: 16: Analyzing
BlockSTM/blocksize/zipfian: 0.7, #batch: 16
                        time:   [37.920 ms 38.154 ms 38.437 ms]
                        thrpt:  [83.254 Kelem/s 83.870 Kelem/s 84.388 Kelem/s]
Found 10 outliers among 100 measurements (10.00%)
  7 (7.00%) high mild
  3 (3.00%) high severe

